Performing C SOURCE FILE Test CMAKE_HAVE_LIBC_PTHREAD failed with the following output:
Change Dir: /home/milchenko/themilchenko/workspace/projects/lab07/_builds/default/CMakeFiles/CMakeTmp

Run Build Command(s):/usr/bin/make -f Makefile cmTC_1efc9/fast && /usr/bin/make  -f CMakeFiles/cmTC_1efc9.dir/build.make CMakeFiles/cmTC_1efc9.dir/build
make[1]: вход в каталог «/home/milchenko/themilchenko/workspace/projects/lab07/_builds/default/CMakeFiles/CMakeTmp»
Building C object CMakeFiles/cmTC_1efc9.dir/src.c.o
/usr/bin/cc -DCMAKE_HAVE_LIBC_PTHREAD   -o CMakeFiles/cmTC_1efc9.dir/src.c.o -c /home/milchenko/themilchenko/workspace/projects/lab07/_builds/default/CMakeFiles/CMakeTmp/src.c
Linking C executable cmTC_1efc9
/snap/cmake/876/bin/cmake -E cmake_link_script CMakeFiles/cmTC_1efc9.dir/link.txt --verbose=1
/usr/bin/cc CMakeFiles/cmTC_1efc9.dir/src.c.o -o cmTC_1efc9 
CMakeFiles/cmTC_1efc9.dir/src.c.o: In function `main':
src.c:(.text+0x3e): undefined reference to `pthread_create'
src.c:(.text+0x4a): undefined reference to `pthread_detach'
src.c:(.text+0x56): undefined reference to `pthread_cancel'
src.c:(.text+0x67): undefined reference to `pthread_join'
src.c:(.text+0x7b): undefined reference to `pthread_atfork'
collect2: error: ld returned 1 exit status
CMakeFiles/cmTC_1efc9.dir/build.make:98: recipe for target 'cmTC_1efc9' failed
make[1]: *** [cmTC_1efc9] Error 1
make[1]: выход из каталога «/home/milchenko/themilchenko/workspace/projects/lab07/_builds/default/CMakeFiles/CMakeTmp»
Makefile:127: recipe for target 'cmTC_1efc9/fast' failed
make: *** [cmTC_1efc9/fast] Error 2


Source file was:
#include <pthread.h>

static void* test_func(void* data)
{
  return data;
}

int main(void)
{
  pthread_t thread;
  pthread_create(&thread, NULL, test_func, NULL);
  pthread_detach(thread);
  pthread_cancel(thread);
  pthread_join(thread, NULL);
  pthread_atfork(NULL, NULL, NULL);
  pthread_exit(NULL);

  return 0;
}

Determining if the function pthread_create exists in the pthreads failed with the following output:
Change Dir: /home/milchenko/themilchenko/workspace/projects/lab07/_builds/default/CMakeFiles/CMakeTmp

Run Build Command(s):/usr/bin/make -f Makefile cmTC_9e3e4/fast && /usr/bin/make  -f CMakeFiles/cmTC_9e3e4.dir/build.make CMakeFiles/cmTC_9e3e4.dir/build
make[1]: вход в каталог «/home/milchenko/themilchenko/workspace/projects/lab07/_builds/default/CMakeFiles/CMakeTmp»
Building C object CMakeFiles/cmTC_9e3e4.dir/CheckFunctionExists.c.o
/usr/bin/cc   -DCHECK_FUNCTION_EXISTS=pthread_create -o CMakeFiles/cmTC_9e3e4.dir/CheckFunctionExists.c.o -c /snap/cmake/876/share/cmake-3.20/Modules/CheckFunctionExists.c
Linking C executable cmTC_9e3e4
/snap/cmake/876/bin/cmake -E cmake_link_script CMakeFiles/cmTC_9e3e4.dir/link.txt --verbose=1
/usr/bin/cc  -DCHECK_FUNCTION_EXISTS=pthread_create CMakeFiles/cmTC_9e3e4.dir/CheckFunctionExists.c.o -o cmTC_9e3e4  -lpthreads 
/usr/bin/ld: cannot find -lpthreads
collect2: error: ld returned 1 exit status
CMakeFiles/cmTC_9e3e4.dir/build.make:98: recipe for target 'cmTC_9e3e4' failed
make[1]: *** [cmTC_9e3e4] Error 1
make[1]: выход из каталога «/home/milchenko/themilchenko/workspace/projects/lab07/_builds/default/CMakeFiles/CMakeTmp»
Makefile:127: recipe for target 'cmTC_9e3e4/fast' failed
make: *** [cmTC_9e3e4/fast] Error 2



Performing C SOURCE FILE Test CMAKE_HAVE_LIBC_PTHREAD failed with the following output:
Change Dir: /home/milchenko/themilchenko/workspace/projects/lab07/_builds/default/CMakeFiles/CMakeTmp

Run Build Command(s):/usr/bin/make -f Makefile cmTC_64eec/fast && /usr/bin/make  -f CMakeFiles/cmTC_64eec.dir/build.make CMakeFiles/cmTC_64eec.dir/build
make[1]: вход в каталог «/home/milchenko/themilchenko/workspace/projects/lab07/_builds/default/CMakeFiles/CMakeTmp»
Building C object CMakeFiles/cmTC_64eec.dir/src.c.o
/usr/bin/cc -DCMAKE_HAVE_LIBC_PTHREAD   -o CMakeFiles/cmTC_64eec.dir/src.c.o -c /home/milchenko/themilchenko/workspace/projects/lab07/_builds/default/CMakeFiles/CMakeTmp/src.c
Linking C executable cmTC_64eec
/snap/cmake/876/bin/cmake -E cmake_link_script CMakeFiles/cmTC_64eec.dir/link.txt --verbose=1
/usr/bin/cc CMakeFiles/cmTC_64eec.dir/src.c.o -o cmTC_64eec 
CMakeFiles/cmTC_64eec.dir/src.c.o: In function `main':
src.c:(.text+0x3e): undefined reference to `pthread_create'
src.c:(.text+0x4a): undefined reference to `pthread_detach'
src.c:(.text+0x56): undefined reference to `pthread_cancel'
src.c:(.text+0x67): undefined reference to `pthread_join'
src.c:(.text+0x7b): undefined reference to `pthread_atfork'
collect2: error: ld returned 1 exit status
CMakeFiles/cmTC_64eec.dir/build.make:98: recipe for target 'cmTC_64eec' failed
make[1]: *** [cmTC_64eec] Error 1
make[1]: выход из каталога «/home/milchenko/themilchenko/workspace/projects/lab07/_builds/default/CMakeFiles/CMakeTmp»
Makefile:127: recipe for target 'cmTC_64eec/fast' failed
make: *** [cmTC_64eec/fast] Error 2


Source file was:
#include <pthread.h>

static void* test_func(void* data)
{
  return data;
}

int main(void)
{
  pthread_t thread;
  pthread_create(&thread, NULL, test_func, NULL);
  pthread_detach(thread);
  pthread_cancel(thread);
  pthread_join(thread, NULL);
  pthread_atfork(NULL, NULL, NULL);
  pthread_exit(NULL);

  return 0;
}

Determining if the function pthread_create exists in the pthreads failed with the following output:
Change Dir: /home/milchenko/themilchenko/workspace/projects/lab07/_builds/default/CMakeFiles/CMakeTmp

Run Build Command(s):/usr/bin/make -f Makefile cmTC_c6952/fast && /usr/bin/make  -f CMakeFiles/cmTC_c6952.dir/build.make CMakeFiles/cmTC_c6952.dir/build
make[1]: вход в каталог «/home/milchenko/themilchenko/workspace/projects/lab07/_builds/default/CMakeFiles/CMakeTmp»
Building C object CMakeFiles/cmTC_c6952.dir/CheckFunctionExists.c.o
/usr/bin/cc   -DCHECK_FUNCTION_EXISTS=pthread_create -o CMakeFiles/cmTC_c6952.dir/CheckFunctionExists.c.o -c /snap/cmake/876/share/cmake-3.20/Modules/CheckFunctionExists.c
Linking C executable cmTC_c6952
/snap/cmake/876/bin/cmake -E cmake_link_script CMakeFiles/cmTC_c6952.dir/link.txt --verbose=1
/usr/bin/cc  -DCHECK_FUNCTION_EXISTS=pthread_create CMakeFiles/cmTC_c6952.dir/CheckFunctionExists.c.o -o cmTC_c6952  -lpthreads 
/usr/bin/ld: cannot find -lpthreads
collect2: error: ld returned 1 exit status
CMakeFiles/cmTC_c6952.dir/build.make:98: recipe for target 'cmTC_c6952' failed
make[1]: *** [cmTC_c6952] Error 1
make[1]: выход из каталога «/home/milchenko/themilchenko/workspace/projects/lab07/_builds/default/CMakeFiles/CMakeTmp»
Makefile:127: recipe for target 'cmTC_c6952/fast' failed
make: *** [cmTC_c6952/fast] Error 2



